[2017-01-05 10:19:41.865][info ][command:null][tid:01][com.facebook.buck.cli.HangMonitor] HangMonitorAutoStart
[2017-01-05 10:19:42.244][debug][command:null][tid:01][com.google.common.util.concurrent.ServiceManager] Starting HangMonitor [STARTING].
[2017-01-05 10:19:42.255][debug][command:null][tid:11][com.google.common.util.concurrent.ServiceManager] Started HangMonitor [RUNNING] in 57.26 ms.
[2017-01-05 10:19:42.719][info ][command:null][tid:01][com.facebook.buck.cli.Main] enabling background process killing for buckd
[2017-01-05 10:19:42.736][info ][command:null][tid:01][com.facebook.buck.cli.Main] enabled background process killing for buckd
[2017-01-05 10:19:42.741][info ][command:null][tid:01][com.facebook.buck.cli.Main] initialized bg session killer
[2017-01-05 10:19:42.884][debug][command:null][tid:13][com.martiansoftware.nailgun.NGSession] Waiting for first client to connect
[2017-01-05 10:19:42.892][debug][command:null][tid:13][com.martiansoftware.nailgun.NGSession] Client connected
[2017-01-05 10:19:42.895][debug][command:null][tid:14][com.martiansoftware.nailgun.NGSession] Waiting for first client to connect
[2017-01-05 10:19:42.905][debug][command:null][tid:13][com.martiansoftware.nailgun.NGSession] Tearing down client socket
[2017-01-05 10:19:42.905][debug][command:null][tid:13][com.martiansoftware.nailgun.NGSession] Flushing client socket
[2017-01-05 10:19:42.905][warn ][command:null][tid:15][com.martiansoftware.nailgun.NGInputStream] Nailgun client read future was interrupted
java.lang.InterruptedException
	at java.util.concurrent.FutureTask.awaitDone(FutureTask.java:404)
	at java.util.concurrent.FutureTask.get(FutureTask.java:204)
	at com.martiansoftware.nailgun.NGInputStream$1.run(NGInputStream.java:91)
	at java.util.concurrent.Executors$RunnableAdapter.call(Executors.java:511)
	at java.util.concurrent.FutureTask.run(FutureTask.java:266)
	at java.util.concurrent.ThreadPoolExecutor.runWorker(ThreadPoolExecutor.java:1142)
	at java.util.concurrent.ThreadPoolExecutor$Worker.run(ThreadPoolExecutor.java:617)
	at java.lang.Thread.run(Thread.java:745)

[2017-01-05 10:19:42.906][debug][command:null][tid:13][com.martiansoftware.nailgun.NGSession] Error shutting down socket I/O (this is expected if the client disconnected already)
java.io.IOException: com.sun.jna.LastErrorException: [57] Socket is not connected
	at com.martiansoftware.nailgun.NGUnixDomainSocket.doShutdown(NGUnixDomainSocket.java:74)
	at com.martiansoftware.nailgun.NGUnixDomainSocket.shutdownInput(NGUnixDomainSocket.java:60)
	at com.martiansoftware.nailgun.NGSession.run(NGSession.java:384)
Caused by: com.sun.jna.LastErrorException: [57] Socket is not connected
	at com.martiansoftware.nailgun.NGUnixDomainSocketLibrary.shutdown(Native Method)
	at com.martiansoftware.nailgun.NGUnixDomainSocket.doShutdown(NGUnixDomainSocket.java:71)
	... 2 more

[2017-01-05 10:19:42.907][debug][command:null][tid:15][com.martiansoftware.nailgun.NGInputStream] Nailgun client read shutting down
[2017-01-05 10:19:42.908][debug][command:null][tid:13][com.martiansoftware.nailgun.NGSession] Closing client socket
[2017-01-05 10:19:42.908][debug][command:null][tid:13][com.martiansoftware.nailgun.NGSession] Finished tearing down client socket
[2017-01-05 10:19:42.908][debug][command:null][tid:13][com.martiansoftware.nailgun.NGSession] Waiting for next client to connect
[2017-01-05 10:19:42.908][debug][command:null][tid:14][com.martiansoftware.nailgun.NGSession] Client connected
[2017-01-05 10:19:42.908][info ][command:null][tid:13][com.martiansoftware.nailgun.NGSession] NGSession shutting down
[2017-01-05 10:19:42.936][debug][command:null][tid:20][com.martiansoftware.nailgun.NGSession] Waiting for first client to connect
[2017-01-05 10:19:44.733][debug][command:null][tid:14][com.facebook.buck.cli.Main] Rotating log.
[2017-01-05 10:19:44.747][debug][command:null][tid:14][com.facebook.buck.cli.Main] Starting up (build date 1970-01-01 07:59:59 +0800, rev 964c2ce5d1e259e3c3b73007a0fca47fe13c7c5e), args: [query, //MainAPP/PushVC:PushVClib, --json, --output-attributes, buck.type, --config, client.id=nuclide]
[2017-01-05 10:19:44.756][debug][command:null][tid:14][com.facebook.buck.cli.Main] System properties: {java.vendor=Oracle Corporation, sun.java.launcher=SUN_STANDARD, sun.management.compiler=HotSpot 64-Bit Tiered Compilers, jnidispatch.path=/Users/baidu/Desktop/BUCKProject/BBABuckDemo/.buckd/tmp/buck_run._Nei8t/jna--1925631563/jna6257571829770121576.tmp, os.name=Mac OS X, buck.enable_objc=true, sun.boot.class.path=/Library/Java/JavaVirtualMachines/jdk1.8.0_111.jdk/Contents/Home/jre/lib/resources.jar:/Library/Java/JavaVirtualMachines/jdk1.8.0_111.jdk/Contents/Home/jre/lib/rt.jar:/Library/Java/JavaVirtualMachines/jdk1.8.0_111.jdk/Contents/Home/jre/lib/sunrsasign.jar:/Library/Java/JavaVirtualMachines/jdk1.8.0_111.jdk/Contents/Home/jre/lib/jsse.jar:/Library/Java/JavaVirtualMachines/jdk1.8.0_111.jdk/Contents/Home/jre/lib/jce.jar:/Library/Java/JavaVirtualMachines/jdk1.8.0_111.jdk/Contents/Home/jre/lib/charsets.jar:/Library/Java/JavaVirtualMachines/jdk1.8.0_111.jdk/Contents/Home/jre/lib/jfr.jar:/Library/Java/JavaVirtualMachines/jdk1.8.0_111.jdk/Contents/Home/jre/classes, buck.resource_lock_path=/Users/baidu/Desktop/BUCKProject/BBABuckDemo/.buckd/resources/964c2ce5d1e259e3c3b73007a0fca47fe13c7c5e/.buck_lock, java.vm.specification.vendor=Oracle Corporation, java.runtime.version=1.8.0_111-b14, buck.path_to_intellij_py=/Users/baidu/Desktop/BUCKProject/BBABuckDemo/.buckd/resources/964c2ce5d1e259e3c3b73007a0fca47fe13c7c5e/path_to_intellij_py, jna.loaded=true, buck.testrunner_classes=/Users/baidu/Desktop/BUCKProject/BBABuckDemo/.buckd/resources/964c2ce5d1e259e3c3b73007a0fca47fe13c7c5e/testrunner_classes, buck.logging_config_file=/Users/baidu/Desktop/BUCKProject/BBABuckDemo/.buckd/resources/964c2ce5d1e259e3c3b73007a0fca47fe13c7c5e/logging_config_file, buck.path_to_sh_binary_template=/Users/baidu/Desktop/BUCKProject/BBABuckDemo/.buckd/resources/964c2ce5d1e259e3c3b73007a0fca47fe13c7c5e/path_to_sh_binary_template, user.name=fanshuaifei, buck.path_to_pywatchman=/Users/baidu/Desktop/BUCKProject/BBABuckDemo/.buckd/resources/964c2ce5d1e259e3c3b73007a0fca47fe13c7c5e/path_to_pywatchman, buck.report_generator_jar=/Users/baidu/Desktop/BUCKProject/BBABuckDemo/.buckd/resources/964c2ce5d1e259e3c3b73007a0fca47fe13c7c5e/report_generator_jar, buck.git_commit=964c2ce5d1e259e3c3b73007a0fca47fe13c7c5e, user.language=zh, sun.boot.library.path=/Library/Java/JavaVirtualMachines/jdk1.8.0_111.jdk/Contents/Home/jre/lib, java.version=1.8.0_111, user.timezone=Asia/Shanghai, buck.test_util_no_tests_dir=true, sun.arch.data.model=64, http.nonProxyHosts=local、169.254/16|*.local、169.254/16, java.endorsed.dirs=/Library/Java/JavaVirtualMachines/jdk1.8.0_111.jdk/Contents/Home/jre/lib/endorsed, sun.cpu.isalist=, sun.jnu.encoding=UTF-8, file.encoding.pkg=sun.io, file.separator=/, java.specification.name=Java Platform API Specification, buck.jacoco_agent_jar=/Users/baidu/Desktop/BUCKProject/BBABuckDemo/.buckd/resources/964c2ce5d1e259e3c3b73007a0fca47fe13c7c5e/jacoco_agent_jar, java.class.version=52.0, user.country=CN, java.home=/Library/Java/JavaVirtualMachines/jdk1.8.0_111.jdk/Contents/Home/jre, java.vm.info=mixed mode, os.version=10.11.6, buck.path_to_scandir_py=/Users/baidu/Desktop/BUCKProject/BBABuckDemo/.buckd/resources/964c2ce5d1e259e3c3b73007a0fca47fe13c7c5e/scandir.py, buck.version_uid=964c2ce5d1e259e3c3b73007a0fca47fe13c7c5e, org.eclipse.jetty.util.log.class=org.eclipse.jetty.util.log.JavaUtilLog, path.separator=:, java.vm.version=25.111-b14, java.awt.printerjob=sun.lwawt.macosx.CPrinterJob, sun.io.unicode.encoding=UnicodeBig, awt.toolkit=sun.lwawt.macosx.LWCToolkit, socksNonProxyHosts=local、169.254/16|*.local、169.254/16, buck.buck_build_type_info=/Users/baidu/Desktop/BUCKProject/BBABuckDemo/.buckd/resources/964c2ce5d1e259e3c3b73007a0fca47fe13c7c5e/buck_build_type_info, ftp.nonProxyHosts=local、169.254/16|*.local、169.254/16, buck.dx=/Users/baidu/Desktop/BUCKProject/BBABuckDemo/.buckd/resources/964c2ce5d1e259e3c3b73007a0fca47fe13c7c5e/dx, buck.git_commit_timestamp=-1, user.home=/Users/baidu, buck.path_to_asm_jar=/Users/baidu/Desktop/BUCKProject/BBABuckDemo/.buckd/resources/964c2ce5d1e259e3c3b73007a0fca47fe13c7c5e/path_to_asm_jar, java.specification.vendor=Oracle Corporation, buck.git_dirty=0, java.library.path=/Users/baidu/Desktop/BUCKProject/BBABuckDemo/.buckd/resources/964c2ce5d1e259e3c3b73007a0fca47fe13c7c5e, java.vendor.url=http://java.oracle.com/, java.vm.vendor=Oracle Corporation, gopherProxySet=false, java.runtime.name=Java(TM) SE Runtime Environment, sun.java.command=com.facebook.buck.cli.bootstrapper.ClassLoaderBootstrapper com.facebook.buck.cli.Main$DaemonBootstrap local:.buckd/sock 60000, java.class.path=/Users/baidu/Desktop/BUCKProject/BBABuckDemo/.buckd/resources/964c2ce5d1e259e3c3b73007a0fca47fe13c7c5e/bootstrapper_jar, buck.buckd_dir=/Users/baidu/Desktop/BUCKProject/BBABuckDemo/.buckd, buck.path_to_pathlib_py=/Users/baidu/Desktop/BUCKProject/BBABuckDemo/.buckd/resources/964c2ce5d1e259e3c3b73007a0fca47fe13c7c5e/pathlib.py, buck.buckd_launch_time_nanos=1360165741912, java.vm.specification.name=Java Virtual Machine Specification, com.martiansoftware.nailgun.NGServer.outputPath=/Users/baidu/Desktop/BUCKProject/BBABuckDemo/.buckd/tmp/buck_run._Nei8t/ngserver-out, java.vm.specification.version=1.8, sun.cpu.endian=little, buck.path_to_rawmanifest_py=/Users/baidu/Desktop/BUCKProject/BBABuckDemo/.buckd/resources/964c2ce5d1e259e3c3b73007a0fca47fe13c7c5e/rawmanifest.py, sun.os.patch.level=unknown, java.awt.headless=true, java.io.tmpdir=/Users/baidu/Desktop/BUCKProject/BBABuckDemo/.buckd/tmp/buck_run._Nei8t, buck.android_agent_path=/Users/baidu/Desktop/BUCKProject/BBABuckDemo/.buckd/resources/964c2ce5d1e259e3c3b73007a0fca47fe13c7c5e/android_agent_path, java.vendor.url.bug=http://bugreport.sun.com/bugreport/, jna.platform.library.path=/usr/lib:/usr/lib, os.arch=x86_64, java.awt.graphicsenv=sun.awt.CGraphicsEnvironment, buck.path_to_pex=/Users/baidu/Desktop/BUCKProject/BBABuckDemo/.buckd/resources/964c2ce5d1e259e3c3b73007a0fca47fe13c7c5e/path_to_pex, java.ext.dirs=/Users/baidu/Library/Java/Extensions:/Library/Java/JavaVirtualMachines/jdk1.8.0_111.jdk/Contents/Home/jre/lib/ext:/Library/Java/Extensions:/Network/Library/Java/Extensions:/System/Library/Java/Extensions:/usr/lib/java, java.util.logging.config.class=com.facebook.buck.cli.bootstrapper.LogConfig, user.dir=/Users/baidu/Desktop/BUCKProject/BBABuckDemo, line.separator=
, java.vm.name=Java HotSpot(TM) 64-Bit Server VM, buck.native_exopackage_fake_path=/Users/baidu/Desktop/BUCKProject/BBABuckDemo/.buckd/resources/964c2ce5d1e259e3c3b73007a0fca47fe13c7c5e/native_exopackage_fake_path, file.encoding=UTF-8, java.specification.version=1.8}
[2017-01-05 10:19:44.931][debug][command:null][tid:14][com.facebook.buck.config.Configs] Loading configuration for /Users/baidu/Desktop/BUCKProject/BBABuckDemo
[2017-01-05 10:19:45.037][debug][command:null][tid:14][com.facebook.buck.config.Configs] Loaded a configuration file /Users/baidu/Desktop/BUCKProject/BBABuckDemo/.buckconfig: {cache={mode=dir}, cxx={default_platform=iphonesimulator-x86_64, cflags=-g}}
[2017-01-05 10:19:45.038][debug][command:null][tid:14][com.facebook.buck.config.Configs] Adding configuration overrides RawConfig{values={client={id=nuclide}}}
[2017-01-05 10:19:45.408][info ][command:null][tid:14][com.facebook.buck.io.Watchman] Creating for: [/Users/baidu/Desktop/BUCKProject/BBABuckDemo]
[2017-01-05 10:19:45.427][debug][command:null][tid:14][com.facebook.buck.io.ExecutableFinder] Executable 'watchman' mapped to 'Optional[/usr/local/bin/watchman]'
[2017-01-05 10:19:45.436][debug][command:null][tid:14][com.facebook.buck.util.ListeningProcessExecutor] Launching process with params ProcessExecutorParams{command=[/usr/local/bin/watchman, --output-encoding=bser, get-sockname]}
[2017-01-05 10:19:45.534][debug][command:null][tid:14][com.facebook.buck.util.ListeningProcessExecutor] Successfully launched process com.zaxxer.nuprocess.osx.OsxProcess@e4a29fb
[2017-01-05 10:19:45.536][debug][command:null][tid:14][com.facebook.buck.util.ListeningProcessExecutor] Waiting for process com.facebook.buck.util.ListeningProcessExecutor$LaunchedProcessImpl@7dc0585e timeout 1000000000 NANOSECONDS
[2017-01-05 10:19:45.548][debug][command:null][tid:14][com.facebook.buck.util.ListeningProcessExecutor] Wait for process returned 0
[2017-01-05 10:19:45.549][debug][command:null][tid:14][com.facebook.buck.io.Watchman] Waited 12 ms for Watchman command get-sockname, exit code 0
[2017-01-05 10:19:45.565][debug][command:null][tid:14][com.facebook.buck.io.Watchman] stdout of command: {version=4.7.0, sockname=/usr/local/var/run/watchman/fanshuaifei-state/sock}
[2017-01-05 10:19:45.565][info ][command:null][tid:14][com.facebook.buck.io.Watchman] Connecting to Watchman version 4.7.0 at /usr/local/var/run/watchman/fanshuaifei-state/sock
[2017-01-05 10:19:45.624][debug][command:null][tid:14][com.facebook.buck.io.Watchman] Connected to Watchman
[2017-01-05 10:19:45.635][debug][command:null][tid:23][com.facebook.buck.io.WatchmanSocketClient] Sending query: [version, {required=[cmd-watch-project], optional=[term-dirname, cmd-watch-project, wildmatch, wildmatch_multislash, glob_generator, clock-sync-timeout]}]
[2017-01-05 10:19:45.650][debug][command:null][tid:14][com.facebook.buck.io.WatchmanSocketClient] Query [version, {required=[cmd-watch-project], optional=[term-dirname, cmd-watch-project, wildmatch, wildmatch_multislash, glob_generator, clock-sync-timeout]}] returned in 15 ms
[2017-01-05 10:19:45.651][info ][command:null][tid:14][com.facebook.buck.io.Watchman] Took 26 ms to query capabilities {term-dirname=DIRNAME, cmd-watch-project=SUPPORTS_PROJECT_WATCH, wildmatch=WILDMATCH_GLOB, wildmatch_multislash=WILDMATCH_MULTISLASH, glob_generator=GLOB_GENERATOR, clock-sync-timeout=CLOCK_SYNC_TIMEOUT}
[2017-01-05 10:19:45.652][debug][command:null][tid:14][com.facebook.buck.io.Watchman] Got capabilities response: {term-dirname=true, cmd-watch-project=true, wildmatch=true, wildmatch_multislash=false, glob_generator=true, clock-sync-timeout=true}
[2017-01-05 10:19:45.653][debug][command:null][tid:14][com.facebook.buck.io.Watchman] Got Watchman capabilities: [DIRNAME, SUPPORTS_PROJECT_WATCH, WILDMATCH_GLOB, GLOB_GENERATOR, CLOCK_SYNC_TIMEOUT]
[2017-01-05 10:19:45.653][info ][command:null][tid:14][com.facebook.buck.io.Watchman] Adding watchman root: /Users/baidu/Desktop/BUCKProject/BBABuckDemo
[2017-01-05 10:19:45.654][debug][command:null][tid:23][com.facebook.buck.io.WatchmanSocketClient] Sending query: [watch-project, /Users/baidu/Desktop/BUCKProject/BBABuckDemo]
[2017-01-05 10:19:45.655][debug][command:null][tid:14][com.facebook.buck.io.WatchmanSocketClient] Query [watch-project, /Users/baidu/Desktop/BUCKProject/BBABuckDemo] returned in 1 ms
[2017-01-05 10:19:45.655][debug][command:null][tid:23][com.facebook.buck.io.WatchmanSocketClient] Sending query: [watch-project, /Users/baidu/Desktop/BUCKProject/BBABuckDemo]
[2017-01-05 10:19:45.656][debug][command:null][tid:14][com.facebook.buck.io.WatchmanSocketClient] Query [watch-project, /Users/baidu/Desktop/BUCKProject/BBABuckDemo] returned in 1 ms
[2017-01-05 10:19:45.657][info ][command:null][tid:14][com.facebook.buck.io.Watchman] Took 3 ms to add root /Users/baidu/Desktop/BUCKProject/BBABuckDemo
[2017-01-05 10:19:45.662][debug][command:null][tid:23][com.facebook.buck.io.WatchmanSocketClient] Sending query: [clock, /Users/baidu/Desktop/BUCKProject/BBABuckDemo, {sync_timeout=100}]
[2017-01-05 10:19:45.674][debug][command:null][tid:14][com.facebook.buck.io.WatchmanSocketClient] Query [clock, /Users/baidu/Desktop/BUCKProject/BBABuckDemo, {sync_timeout=100}] returned in 12 ms
[2017-01-05 10:19:45.675][info ][command:null][tid:14][com.facebook.buck.io.Watchman] Took 13 ms to query for initial clock id Optional[c:1483581542:516:1:23]
[2017-01-05 10:19:45.676][debug][command:null][tid:14][com.facebook.buck.cli.Main] Watchman capabilities: [DIRNAME, SUPPORTS_PROJECT_WATCH, WILDMATCH_GLOB, GLOB_GENERATOR, CLOCK_SYNC_TIMEOUT] Project watches: {/Users/baidu/Desktop/BUCKProject/BBABuckDemo=ProjectWatch{watchRoot=/Users/baidu/Desktop/BUCKProject/BBABuckDemo}} Glob handler config: PYTHON Query timeout ms config: Optional.empty
[2017-01-05 10:19:45.727][debug][command:null][tid:14][com.facebook.buck.cli.Main] Starting up daemon for project root [/Users/baidu/Desktop/BUCKProject/BBABuckDemo]
[2017-01-05 10:19:45.988][warn ][command:null][tid:14][com.facebook.buck.cli.Main] Can't start web server
[2017-01-05 10:19:45.988][debug][command:null][tid:14][com.facebook.buck.cli.Main] Falling back to named cursors: {/Users/baidu/Desktop/BUCKProject/BBABuckDemo=ProjectWatch{watchRoot=/Users/baidu/Desktop/BUCKProject/BBABuckDemo}}
[2017-01-05 10:19:45.991][debug][command:null][tid:14][com.facebook.buck.cli.Main] Using Watchman Cursor: {/Users/baidu/Desktop/BUCKProject/BBABuckDemo=n:buckd9df72109-eb01-4d13-b71a-f002053e42d9}
